<?xml version="1.0" encoding="UTF-8"?>
<testng-results ignored="0" total="2" passed="1" failed="1" skipped="0">
  <reporter-output>
  </reporter-output>
  <suite started-at="2021-06-15T12:59:19 IST" name="Goibibo-Test-Suite-1" finished-at="2021-06-15T12:59:47 IST" duration-ms="27407">
    <groups>
      <group name="cucumber">
        <method signature="AbstractTestNGCucumberTests.runScenario(io.cucumber.testng.PickleWrapper,io.cucumber.testng.FeatureWrapper)[pri:0, instance:tests.GoibiboTestRunner@6b0c2d26]" name="runScenario" class="io.cucumber.testng.AbstractTestNGCucumberTests"/>
      </group> <!-- cucumber -->
    </groups>
    <test started-at="2021-06-15T12:59:19 IST" name="Goibibo-Test1" finished-at="2021-06-15T12:59:47 IST" duration-ms="27407">
      <class name="tests.GoibiboTestRunner">
        <test-method is-config="true" signature="beforeTest()[pri:0, instance:tests.GoibiboTestRunner@6b0c2d26]" started-at="2021-06-15T12:59:19 IST" name="beforeTest" finished-at="2021-06-15T12:59:29 IST" duration-ms="9375" status="PASS">
          <reporter-output>
          </reporter-output>
        </test-method> <!-- beforeTest -->
        <test-method is-config="true" signature="setUpClass()[pri:0, instance:tests.GoibiboTestRunner@6b0c2d26]" started-at="2021-06-15T12:59:29 IST" name="setUpClass" finished-at="2021-06-15T12:59:30 IST" duration-ms="1213" status="PASS">
          <reporter-output>
          </reporter-output>
        </test-method> <!-- setUpClass -->
        <test-method is-config="true" signature="beforeMethod()[pri:0, instance:tests.GoibiboTestRunner@6b0c2d26]" started-at="2021-06-15T12:59:30 IST" name="beforeMethod" finished-at="2021-06-15T12:59:30 IST" duration-ms="0" status="PASS">
          <reporter-output>
          </reporter-output>
        </test-method> <!-- beforeMethod -->
        <test-method signature="runScenario(io.cucumber.testng.PickleWrapper,io.cucumber.testng.FeatureWrapper)[pri:0, instance:tests.GoibiboTestRunner@6b0c2d26]" started-at="2021-06-15T12:59:30 IST" name="runScenario" description="Runs Cucumber Scenarios" data-provider="scenarios" finished-at="2021-06-15T12:59:44 IST" duration-ms="13963" status="PASS">
          <params>
            <param index="0">
              <value>
                <![CDATA["Flight Booking"]]>
              </value>
            </param>
            <param index="1">
              <value>
                <![CDATA["Optional[Goibibo]"]]>
              </value>
            </param>
          </params>
          <reporter-output>
          </reporter-output>
        </test-method> <!-- runScenario -->
        <test-method is-config="true" signature="afterMethod()[pri:0, instance:tests.GoibiboTestRunner@6b0c2d26]" started-at="2021-06-15T12:59:44 IST" name="afterMethod" finished-at="2021-06-15T12:59:44 IST" duration-ms="0" status="PASS">
          <reporter-output>
          </reporter-output>
        </test-method> <!-- afterMethod -->
        <test-method is-config="true" signature="beforeMethod()[pri:0, instance:tests.GoibiboTestRunner@6b0c2d26]" started-at="2021-06-15T12:59:44 IST" name="beforeMethod" finished-at="2021-06-15T12:59:44 IST" duration-ms="1" status="PASS">
          <reporter-output>
          </reporter-output>
        </test-method> <!-- beforeMethod -->
        <test-method signature="runScenario(io.cucumber.testng.PickleWrapper,io.cucumber.testng.FeatureWrapper)[pri:0, instance:tests.GoibiboTestRunner@6b0c2d26]" started-at="2021-06-15T12:59:44 IST" name="runScenario" description="Runs Cucumber Scenarios" data-provider="scenarios" finished-at="2021-06-15T12:59:44 IST" duration-ms="40" status="FAIL">
          <params>
            <param index="0">
              <value>
                <![CDATA["Test Scenario"]]>
              </value>
            </param>
            <param index="1">
              <value>
                <![CDATA["Optional[Test]"]]>
              </value>
            </param>
          </params>
          <exception class="java.lang.AssertionError">
            <message>
              <![CDATA[expected [2] but found [1]]]>
            </message>
            <full-stacktrace>
              <![CDATA[java.lang.AssertionError: expected [2] but found [1]
at org.testng.Assert.fail(Assert.java:99)
at org.testng.Assert.failNotEquals(Assert.java:1037)
at org.testng.Assert.assertEqualsImpl(Assert.java:140)
at org.testng.Assert.assertEquals(Assert.java:122)
at org.testng.Assert.assertEquals(Assert.java:907)
at org.testng.Assert.assertEquals(Assert.java:917)
at tests.TestFeatureSteps.bye(TestFeatureSteps.java:23)
at âœ½.Bye(file:///Users/apple/IdeaProjects/Goibbio_TestNg_Cucumber/src/main/resources/features/Test.feature:5)
]]>
            </full-stacktrace>
          </exception> <!-- java.lang.AssertionError -->
          <reporter-output>
          </reporter-output>
        </test-method> <!-- runScenario -->
        <test-method is-config="true" signature="afterMethod()[pri:0, instance:tests.GoibiboTestRunner@6b0c2d26]" started-at="2021-06-15T12:59:44 IST" name="afterMethod" finished-at="2021-06-15T12:59:44 IST" duration-ms="1" status="PASS">
          <reporter-output>
          </reporter-output>
        </test-method> <!-- afterMethod -->
        <test-method is-config="true" signature="tearDownClass()[pri:0, instance:tests.GoibiboTestRunner@6b0c2d26]" started-at="2021-06-15T12:59:44 IST" name="tearDownClass" finished-at="2021-06-15T12:59:47 IST" duration-ms="2537" status="PASS">
          <reporter-output>
          </reporter-output>
        </test-method> <!-- tearDownClass -->
        <test-method is-config="true" signature="afterTest()[pri:0, instance:tests.GoibiboTestRunner@6b0c2d26]" started-at="2021-06-15T12:59:47 IST" name="afterTest" finished-at="2021-06-15T12:59:47 IST" duration-ms="184" status="PASS">
          <reporter-output>
          </reporter-output>
        </test-method> <!-- afterTest -->
      </class> <!-- tests.GoibiboTestRunner -->
    </test> <!-- Goibibo-Test1 -->
  </suite> <!-- Goibibo-Test-Suite-1 -->
</testng-results>
