<?xml version="1.0" encoding="UTF-8"?>
<!-- Generated by org.testng.reporters.JUnitXMLReporter -->
<testsuite ignored="0" hostname="APPLEs-MacBook-Air.local" failures="1" tests="2" name="Goibibo-Test1" time="27.407" errors="0" timestamp="2021-06-15T12:59:47 IST">
  <testcase classname="io.cucumber.testng.AbstractTestNGCucumberTests" name="runScenario" time="13.963"/>
  <testcase classname="io.cucumber.testng.AbstractTestNGCucumberTests" name="runScenario" time="0.04">
    <failure type="java.lang.AssertionError" message="expected [2] but found [1]">
      <![CDATA[java.lang.AssertionError: expected [2] but found [1]
at tests.TestFeatureSteps.bye(TestFeatureSteps.java:23)
at âœ½.Bye(file:///Users/apple/IdeaProjects/Goibbio_TestNg_Cucumber/src/main/resources/features/Test.feature:5)
... Removed 6 stack frames]]>
    </failure>
  </testcase> <!-- runScenario -->
</testsuite> <!-- Goibibo-Test1 -->
